<?xml version="1.0" encoding="UTF-8"?>
<!-- Generated by org.testng.reporters.JUnitReportReporter -->
<testsuite hostname="SHASHANK-PC" failures="0" tests="6" name="Annotation.grouping" time="0.031" errors="0" timestamp="2021-11-25T11:55:49 IST" skipped="0">
  <testcase classname="Annotation.grouping" name="test" time="0.010"/>
  <system-out/>
  <testcase classname="Annotation.grouping" name="test5" time="0.002"/>
  <system-out/>
  <testcase classname="Annotation.grouping" name="test1" time="0.002"/>
  <system-out/>
  <testcase classname="Annotation.grouping" name="test6" time="0.008"/>
  <system-out/>
  <testcase classname="Annotation.grouping" name="test2" time="0.006"/>
  <system-out/>
  <testcase classname="Annotation.grouping" name="test3" time="0.003"/>
  <system-out/>
</testsuite> <!-- Annotation.grouping -->
