<?xml version="1.0" encoding="UTF-8"?>
<!-- Generated by org.testng.reporters.JUnitReportReporter -->
<testsuite hostname="SHASHANK-PC" failures="0" tests="3" name="Annotation.demo1" time="0.017" errors="0" timestamp="2021-11-22T18:24:29 IST" skipped="0">
  <testcase classname="Annotation.demo1" name="test1" time="0.003"/>
  <system-out/>
  <testcase classname="Annotation.demo1" name="test" time="0.012"/>
  <system-out/>
  <testcase classname="Annotation.demo1" name="test2" time="0.002"/>
  <system-out/>
</testsuite> <!-- Annotation.demo1 -->
