<?xml version="1.0" encoding="UTF-8"?>
<!-- Generated by org.testng.reporters.JUnitReportReporter -->
<testsuite hostname="SHASHANK-PC" failures="0" tests="1" name="Annotation.beforemethod_anno" time="28.573" errors="0" timestamp="2021-11-25T11:55:49 IST" skipped="0">
  <testcase classname="Annotation.beforemethod_anno" name="orangeHRM" time="28.573"/>
  <system-out/>
</testsuite> <!-- Annotation.beforemethod_anno -->
