<?xml version="1.0" encoding="UTF-8"?>
<!-- Generated by org.testng.reporters.JUnitReportReporter -->
<testsuite hostname="SHASHANK-PC" failures="0" tests="4" name="Testlayer.anotations1" time="0.020" errors="0" timestamp="2021-11-22T13:01:41 IST" skipped="0">
  <testcase classname="Testlayer.anotations1" name="test" time="0.015"/>
  <system-out/>
  <testcase classname="Testlayer.anotations1" name="test3" time="0.002"/>
  <system-out/>
  <testcase classname="Testlayer.anotations1" name="test2" time="0.002"/>
  <system-out/>
  <testcase classname="Testlayer.anotations1" name="test1" time="0.001"/>
  <system-out/>
</testsuite> <!-- Testlayer.anotations1 -->
