<?xml version="1.0" encoding="UTF-8"?>
<!-- Generated by org.testng.reporters.JUnitReportReporter -->
<testsuite hostname="SHASHANK-PC" failures="0" tests="3" name="Annotation.demo1" time="0.016" errors="0" timestamp="2021-11-23T11:33:43 IST" skipped="0">
  <testcase classname="Annotation.demo1" name="test2" time="0.010"/>
  <system-out/>
  <testcase classname="Annotation.demo1" name="test1" time="0.001"/>
  <system-out/>
  <testcase classname="Annotation.demo1" name="test" time="0.005"/>
  <system-out/>
</testsuite> <!-- Annotation.demo1 -->
