<?xml version="1.0" encoding="UTF-8"?>
<!-- Generated by org.testng.reporters.JUnitReportReporter -->
<testsuite hostname="SHASHANK-PC" failures="0" tests="2" name="Testlayer.class_annotation" time="25.551" errors="0" timestamp="2021-11-22T12:50:40 IST" skipped="0">
  <testcase classname="Testlayer.class_annotation" name="freecrmlogin" time="10.633"/>
  <system-out/>
  <testcase classname="Testlayer.class_annotation" name="orangeHRM" time="14.918"/>
  <system-out/>
</testsuite> <!-- Testlayer.class_annotation -->
