<?xml version="1.0" encoding="UTF-8"?>
<!-- Generated by org.testng.reporters.JUnitReportReporter -->
<testsuite hostname="SHASHANK-PC" failures="0" tests="2" name="Annotation.demo2" time="0.002" errors="0" timestamp="2021-11-25T11:55:49 IST" skipped="0">
  <testcase classname="Annotation.demo2" name="testc" time="0.001"/>
  <system-out/>
  <testcase classname="Annotation.demo2" name="testa" time="0.001"/>
  <system-out/>
</testsuite> <!-- Annotation.demo2 -->
