<?xml version="1.0" encoding="UTF-8"?>
<!-- Generated by org.testng.reporters.JUnitReportReporter -->
<testsuite hostname="SHASHANK-PC" failures="0" tests="2" name="Annotation.anotations" time="0.008" errors="0" timestamp="2021-11-22T18:24:29 IST" skipped="0">
  <testcase classname="Annotation.anotations" name="test" time="0.005"/>
  <system-out/>
  <testcase classname="Annotation.anotations" name="test1" time="0.003"/>
  <system-out/>
</testsuite> <!-- Annotation.anotations -->
