<?xml version="1.0" encoding="UTF-8"?>
<!-- Generated by org.testng.reporters.JUnitReportReporter -->
<testsuite hostname="SHASHANK-PC" failures="0" tests="1" name="Testlayer.testlog" time="3.597" errors="0" timestamp="2021-11-25T13:17:02 IST" skipped="0">
  <testcase classname="Testlayer.testlog" name="loginfunction" time="3.597"/>
  <system-out/>
</testsuite> <!-- Testlayer.testlog -->
