<?xml version="1.0" encoding="UTF-8"?>
<!-- Generated by org.testng.reporters.JUnitReportReporter -->
<testsuite hostname="SHASHANK-PC" failures="0" tests="3" name="Testlayer.demo1" time="0.013" errors="0" timestamp="2021-11-22T11:47:19 IST" skipped="0">
  <testcase classname="Testlayer.demo1" name="test1" time="0.003"/>
  <system-out/>
  <testcase classname="Testlayer.demo1" name="test" time="0.007"/>
  <system-out/>
  <testcase classname="Testlayer.demo1" name="test2" time="0.003"/>
  <system-out/>
</testsuite> <!-- Testlayer.demo1 -->
