<?xml version="1.0" encoding="UTF-8"?>
<!-- Generated by org.testng.reporters.JUnitReportReporter -->
<testsuite hostname="SHASHANK-PC" failures="0" tests="2" name="Testlayer.anotations" time="0.016" errors="0" timestamp="2021-11-22T12:46:16 IST" skipped="0">
  <testcase classname="Testlayer.anotations" name="test1" time="0.007"/>
  <system-out/>
  <testcase classname="Testlayer.anotations" name="test" time="0.009"/>
  <system-out/>
</testsuite> <!-- Testlayer.anotations -->
