<?xml version="1.0" encoding="UTF-8"?>
<!-- Generated by org.testng.reporters.JUnitReportReporter -->
<testsuite hostname="SHASHANK-PC" failures="0" tests="2" name="Testlayer.demo" time="44.875" errors="0" timestamp="2021-11-22T12:43:48 IST" skipped="0">
  <testcase classname="Testlayer.demo" name="freecrmlogin" time="19.198"/>
  <system-out/>
  <testcase classname="Testlayer.demo" name="orangeHRM" time="25.677"/>
  <system-out/>
</testsuite> <!-- Testlayer.demo -->
