<?xml version="1.0" encoding="UTF-8"?>
<!-- Generated by org.testng.reporters.JUnitReportReporter -->
<testsuite hostname="SHASHANK-PC" failures="0" tests="1" name="Testlayer.demo" time="5.348" errors="0" timestamp="2021-11-23T12:35:30 IST" skipped="0">
  <testcase classname="Testlayer.demo" name="m1" time="5.348"/>
  <system-out/>
</testsuite> <!-- Testlayer.demo -->
