<?xml version="1.0" encoding="UTF-8"?>
<!-- Generated by org.testng.reporters.JUnitReportReporter -->
<testsuite hostname="SHASHANK-PC" failures="0" tests="1" name="Annotation.parameterization" time="61.912" errors="0" timestamp="2021-11-22T19:02:49 IST" skipped="0">
  <testcase classname="Annotation.parameterization" name="login" time="61.912"/>
  <system-out/>
</testsuite> <!-- Annotation.parameterization -->
