<?xml version="1.0" encoding="UTF-8"?>
<!-- Generated by org.testng.reporters.JUnitReportReporter -->
<testsuite hostname="SHASHANK-PC" failures="0" tests="2" name="Annotation.class_annotation" time="28.463" errors="0" timestamp="2021-11-25T11:55:49 IST" skipped="0">
  <testcase classname="Annotation.class_annotation" name="freecrmlogin" time="9.962"/>
  <system-out/>
  <testcase classname="Annotation.class_annotation" name="orangeHRM" time="18.501"/>
  <system-out/>
</testsuite> <!-- Annotation.class_annotation -->
